<?xml version="1.0" encoding="UTF-8"?>
<testng-results skipped="2" failed="1" total="4" passed="1">
  <reporter-output>
    <line>
      <![CDATA[Passed: Maximizing the window...]]>
    </line>
    <line>
      <![CDATA[Passed: Mouse hover on kiwi saver button successfull...]]>
    </line>
    <line>
      <![CDATA[Passed: Clicked on the kiwi saver calculator button successfully...]]>
    </line>
    <line>
      <![CDATA[Passed: Clicked on the click on to get started button successfully...]]>
    </line>
    <line>
      <![CDATA[Passed:Clicked on the age info icon...]]>
    </line>
    <line>
      <![CDATA[Passed:Field info is present on clicking the info icon...This calculator has an age limit of 64 years old as you need to be under the age of 65 to join KiwiSaver.]]>
    </line>
    <line>
      <![CDATA[Passed: Maximizing the window...]]>
    </line>
    <line>
      <![CDATA[Passed: Mouse hover on kiwi saver button successfull...]]>
    </line>
    <line>
      <![CDATA[Passed: Clicked on the kiwi saver calculator button successfully...]]>
    </line>
    <line>
      <![CDATA[Passed: Clicked on the click on to get started button successfully...]]>
    </line>
    <line>
      <![CDATA[Passed:Entered the age as :30]]>
    </line>
    <line>
      <![CDATA[Passed: Clicked on employee Status drop down]]>
    </line>
    <line>
      <![CDATA[Passed: Selected the employee status as :Employed]]>
    </line>
    <line>
      <![CDATA[Passed: Entered the employee salary as :82000]]>
    </line>
    <line>
      <![CDATA[Passed: Clicked the kiwi saver contribution as :4%]]>
    </line>
    <line>
      <![CDATA[Passed: Clicked on PIR(Prescribed investor rate) drop down]]>
    </line>
    <line>
      <![CDATA[Passed: Clicked on PIR(Prescribed investor rate) % as :17.5%]]>
    </line>
    <line>
      <![CDATA[Passed: Clicked on risk profile as :High]]>
    </line>
    <line>
      <![CDATA[Passed: Clicked on view retirement projection button]]>
    </line>
  </reporter-output>
  <suite name="Default suite" duration-ms="140202" started-at="2017-03-30T13:35:57Z" finished-at="2017-03-30T13:38:17Z">
    <groups>
      <group name="Regression">
        <method signature="RegressionTest.t01_Verify_if_information_Icon_Works_Fine()[pri:0, instance:nz.co.westpac.test.RegressionTest@5442a311]" name="t01_Verify_if_information_Icon_Works_Fine" class="nz.co.westpac.test.RegressionTest"/>
        <method signature="RegressionTest.tc02_Verify_if_tax_projections_are_displayed__For_Employed()[pri:0, instance:nz.co.westpac.test.RegressionTest@5442a311]" name="tc02_Verify_if_tax_projections_are_displayed__For_Employed" class="nz.co.westpac.test.RegressionTest"/>
        <method signature="RegressionTest.tc03_Verify_if_tax_projections_are_displayed__For_Self_Employed()[pri:0, instance:nz.co.westpac.test.RegressionTest@5442a311]" name="tc03_Verify_if_tax_projections_are_displayed__For_Self_Employed" class="nz.co.westpac.test.RegressionTest"/>
        <method signature="RegressionTest.tc04_Verify_if_tax_projections_are_displayed__For_UnEmployed()[pri:0, instance:nz.co.westpac.test.RegressionTest@5442a311]" name="tc04_Verify_if_tax_projections_are_displayed__For_UnEmployed" class="nz.co.westpac.test.RegressionTest"/>
      </group> <!-- Regression -->
    </groups>
    <test name="Default test" duration-ms="140202" started-at="2017-03-30T13:35:57Z" finished-at="2017-03-30T13:38:17Z">
      <class name="nz.co.westpac.test.RegressionTest">
        <test-method status="PASS" signature="Set()[pri:0, instance:nz.co.westpac.test.RegressionTest@5442a311]" name="Set" is-config="true" duration-ms="18" started-at="2017-03-30T19:05:57Z" finished-at="2017-03-30T19:05:57Z">
          <reporter-output>
          </reporter-output>
        </test-method> <!-- Set -->
        <test-method status="PASS" signature="openBrowser()[pri:0, instance:nz.co.westpac.test.RegressionTest@5442a311]" name="openBrowser" is-config="true" duration-ms="22759" started-at="2017-03-30T19:05:57Z" finished-at="2017-03-30T19:06:20Z">
          <reporter-output>
          </reporter-output>
        </test-method> <!-- openBrowser -->
        <test-method status="PASS" signature="t01_Verify_if_information_Icon_Works_Fine()[pri:0, instance:nz.co.westpac.test.RegressionTest@5442a311]" name="t01_Verify_if_information_Icon_Works_Fine" duration-ms="44673" started-at="2017-03-30T19:06:20Z" description="verify if the user is able to get a clear understanding of what needs to be entered in the field." finished-at="2017-03-30T19:07:05Z">
          <reporter-output>
            <line>
              <![CDATA[Passed: Maximizing the window...]]>
            </line>
            <line>
              <![CDATA[Passed: Mouse hover on kiwi saver button successfull...]]>
            </line>
            <line>
              <![CDATA[Passed: Clicked on the kiwi saver calculator button successfully...]]>
            </line>
            <line>
              <![CDATA[Passed: Clicked on the click on to get started button successfully...]]>
            </line>
            <line>
              <![CDATA[Passed:Clicked on the age info icon...]]>
            </line>
            <line>
              <![CDATA[Passed:Field info is present on clicking the info icon...This calculator has an age limit of 64 years old as you need to be under the age of 65 to join KiwiSaver.]]>
            </line>
          </reporter-output>
        </test-method> <!-- t01_Verify_if_information_Icon_Works_Fine -->
        <test-method status="PASS" signature="quit()[pri:0, instance:nz.co.westpac.test.RegressionTest@5442a311]" name="quit" is-config="true" duration-ms="2031" started-at="2017-03-30T19:07:05Z" finished-at="2017-03-30T19:07:07Z">
          <reporter-output>
          </reporter-output>
        </test-method> <!-- quit -->
        <test-method status="PASS" signature="openBrowser()[pri:0, instance:nz.co.westpac.test.RegressionTest@5442a311]" name="openBrowser" is-config="true" duration-ms="24770" started-at="2017-03-30T19:07:07Z" finished-at="2017-03-30T19:07:32Z">
          <reporter-output>
          </reporter-output>
        </test-method> <!-- openBrowser -->
        <test-method status="FAIL" signature="tc02_Verify_if_tax_projections_are_displayed__For_Employed()[pri:0, instance:nz.co.westpac.test.RegressionTest@5442a311]" name="tc02_Verify_if_tax_projections_are_displayed__For_Employed" duration-ms="45453" started-at="2017-03-30T19:07:32Z" description="verify if a employed user is able to calculate what their KiwiSaver projected balance would be at retirement" finished-at="2017-03-30T19:08:17Z">
          <exception class="org.openqa.selenium.WebDriverException">
            <message>
              <![CDATA[chrome not reachable
  (Session info: chrome=56.0.2924.87)
  (Driver info: chromedriver=2.24.417431 (9aea000394714d2fbb20850021f6204f2256b9cf),platform=Windows NT 6.1.7601 SP1 x86_64) (WARNING: The server did not provide any stacktrace information)
Command duration or timeout: 4.17 seconds
Build info: version: '2.47.0', revision: '0e4837e94b1fad0db93e88cd972ed3e235a22892', time: '2015-07-29 15:58:41'
System info: host: 'TVMATP407267D', ip: '10.24.98.8', os.name: 'Windows 7', os.arch: 'amd64', os.version: '6.1', java.version: '1.8.0_77'
Driver info: org.openqa.selenium.chrome.ChromeDriver
Capabilities [{applicationCacheEnabled=false, rotatable=false, mobileEmulationEnabled=false, networkConnectionEnabled=false, chrome={chromedriverVersion=2.24.417431 (9aea000394714d2fbb20850021f6204f2256b9cf), userDataDir=C:\Users\subramanian_k04\AppData\Local\Temp\scoped_dir4472_7965}, takesHeapSnapshot=true, pageLoadStrategy=normal, databaseEnabled=false, handlesAlerts=true, hasTouchScreen=false, version=56.0.2924.87, platform=XP, browserConnectionEnabled=false, nativeEvents=true, acceptSslCerts=true, locationContextEnabled=true, webStorageEnabled=true, browserName=chrome, takesScreenshot=true, javascriptEnabled=true, cssSelectorsEnabled=true}]
Session ID: a711dbb7aa0f3519bcc3403390e35a22
*** Element info: {Using=xpath, value=//div[@class='results-heading']}]]>
            </message>
            <full-stacktrace>
              <![CDATA[org.openqa.selenium.WebDriverException: chrome not reachable
  (Session info: chrome=56.0.2924.87)
  (Driver info: chromedriver=2.24.417431 (9aea000394714d2fbb20850021f6204f2256b9cf),platform=Windows NT 6.1.7601 SP1 x86_64) (WARNING: The server did not provide any stacktrace information)
Command duration or timeout: 4.17 seconds
Build info: version: '2.47.0', revision: '0e4837e94b1fad0db93e88cd972ed3e235a22892', time: '2015-07-29 15:58:41'
System info: host: 'TVMATP407267D', ip: '10.24.98.8', os.name: 'Windows 7', os.arch: 'amd64', os.version: '6.1', java.version: '1.8.0_77'
Driver info: org.openqa.selenium.chrome.ChromeDriver
Capabilities [{applicationCacheEnabled=false, rotatable=false, mobileEmulationEnabled=false, networkConnectionEnabled=false, chrome={chromedriverVersion=2.24.417431 (9aea000394714d2fbb20850021f6204f2256b9cf), userDataDir=C:\Users\subramanian_k04\AppData\Local\Temp\scoped_dir4472_7965}, takesHeapSnapshot=true, pageLoadStrategy=normal, databaseEnabled=false, handlesAlerts=true, hasTouchScreen=false, version=56.0.2924.87, platform=XP, browserConnectionEnabled=false, nativeEvents=true, acceptSslCerts=true, locationContextEnabled=true, webStorageEnabled=true, browserName=chrome, takesScreenshot=true, javascriptEnabled=true, cssSelectorsEnabled=true}]
Session ID: a711dbb7aa0f3519bcc3403390e35a22
*** Element info: {Using=xpath, value=//div[@class='results-heading']}
	at sun.reflect.NativeConstructorAccessorImpl.newInstance0(Native Method)
	at sun.reflect.NativeConstructorAccessorImpl.newInstance(Unknown Source)
	at sun.reflect.DelegatingConstructorAccessorImpl.newInstance(Unknown Source)
	at java.lang.reflect.Constructor.newInstance(Unknown Source)
	at org.openqa.selenium.remote.ErrorHandler.createThrowable(ErrorHandler.java:206)
	at org.openqa.selenium.remote.ErrorHandler.throwIfResponseFailed(ErrorHandler.java:158)
	at org.openqa.selenium.remote.RemoteWebDriver.execute(RemoteWebDriver.java:595)
	at org.openqa.selenium.remote.RemoteWebDriver.findElement(RemoteWebDriver.java:348)
	at org.openqa.selenium.remote.RemoteWebDriver.findElementByXPath(RemoteWebDriver.java:445)
	at org.openqa.selenium.By$ByXPath.findElement(By.java:358)
	at org.openqa.selenium.remote.RemoteWebDriver.findElement(RemoteWebDriver.java:340)
	at nz.co.westpac.utils.CommonFunctions.driverFindElementByXpath(CommonFunctions.java:49)
	at nz.co.westpac.pages.CalculatorPage.verifyCalcResults(CalculatorPage.java:192)
	at nz.co.westpac.test.RegressionTest.tc02_Verify_if_tax_projections_are_displayed__For_Employed(RegressionTest.java:70)
	at sun.reflect.NativeMethodAccessorImpl.invoke0(Native Method)
	at sun.reflect.NativeMethodAccessorImpl.invoke(Unknown Source)
	at sun.reflect.DelegatingMethodAccessorImpl.invoke(Unknown Source)
	at java.lang.reflect.Method.invoke(Unknown Source)
	at org.testng.internal.MethodInvocationHelper.invokeMethod(MethodInvocationHelper.java:100)
	at org.testng.internal.Invoker.invokeMethod(Invoker.java:646)
	at org.testng.internal.Invoker.invokeTestMethod(Invoker.java:811)
	at org.testng.internal.Invoker.invokeTestMethods(Invoker.java:1137)
	at org.testng.internal.TestMethodWorker.invokeTestMethods(TestMethodWorker.java:129)
	at org.testng.internal.TestMethodWorker.run(TestMethodWorker.java:112)
	at org.testng.TestRunner.privateRun(TestRunner.java:753)
	at org.testng.TestRunner.run(TestRunner.java:607)
	at org.testng.SuiteRunner.runTest(SuiteRunner.java:368)
	at org.testng.SuiteRunner.runSequentially(SuiteRunner.java:363)
	at org.testng.SuiteRunner.privateRun(SuiteRunner.java:321)
	at org.testng.SuiteRunner.run(SuiteRunner.java:270)
	at org.testng.SuiteRunnerWorker.runSuite(SuiteRunnerWorker.java:52)
	at org.testng.SuiteRunnerWorker.run(SuiteRunnerWorker.java:86)
	at org.testng.TestNG.runSuitesSequentially(TestNG.java:1284)
	at org.testng.TestNG.runSuitesLocally(TestNG.java:1209)
	at org.testng.TestNG.runSuites(TestNG.java:1124)
	at org.testng.TestNG.run(TestNG.java:1096)
	at org.testng.remote.AbstractRemoteTestNG.run(AbstractRemoteTestNG.java:132)
	at org.testng.remote.RemoteTestNG.initAndRun(RemoteTestNG.java:236)
	at org.testng.remote.RemoteTestNG.main(RemoteTestNG.java:81)
]]>
            </full-stacktrace>
          </exception> <!-- org.openqa.selenium.WebDriverException -->
          <reporter-output>
            <line>
              <![CDATA[Passed: Maximizing the window...]]>
            </line>
            <line>
              <![CDATA[Passed: Mouse hover on kiwi saver button successfull...]]>
            </line>
            <line>
              <![CDATA[Passed: Clicked on the kiwi saver calculator button successfully...]]>
            </line>
            <line>
              <![CDATA[Passed: Clicked on the click on to get started button successfully...]]>
            </line>
            <line>
              <![CDATA[Passed:Entered the age as :30]]>
            </line>
            <line>
              <![CDATA[Passed: Clicked on employee Status drop down]]>
            </line>
            <line>
              <![CDATA[Passed: Selected the employee status as :Employed]]>
            </line>
            <line>
              <![CDATA[Passed: Entered the employee salary as :82000]]>
            </line>
            <line>
              <![CDATA[Passed: Clicked the kiwi saver contribution as :4%]]>
            </line>
            <line>
              <![CDATA[Passed: Clicked on PIR(Prescribed investor rate) drop down]]>
            </line>
            <line>
              <![CDATA[Passed: Clicked on PIR(Prescribed investor rate) % as :17.5%]]>
            </line>
            <line>
              <![CDATA[Passed: Clicked on risk profile as :High]]>
            </line>
            <line>
              <![CDATA[Passed: Clicked on view retirement projection button]]>
            </line>
          </reporter-output>
        </test-method> <!-- tc02_Verify_if_tax_projections_are_displayed__For_Employed -->
        <test-method status="FAIL" signature="quit()[pri:0, instance:nz.co.westpac.test.RegressionTest@5442a311]" name="quit" is-config="true" duration-ms="0" started-at="2017-03-30T19:08:17Z" finished-at="2017-03-30T19:08:17Z">
          <exception class="org.openqa.selenium.WebDriverException">
            <message>
              <![CDATA[chrome not reachable
  (Session info: chrome=56.0.2924.87)
  (Driver info: chromedriver=2.24.417431 (9aea000394714d2fbb20850021f6204f2256b9cf),platform=Windows NT 6.1.7601 SP1 x86_64) (WARNING: The server did not provide any stacktrace information)
Command duration or timeout: 380 milliseconds
Build info: version: '2.47.0', revision: '0e4837e94b1fad0db93e88cd972ed3e235a22892', time: '2015-07-29 15:58:41'
System info: host: 'TVMATP407267D', ip: '10.24.98.8', os.name: 'Windows 7', os.arch: 'amd64', os.version: '6.1', java.version: '1.8.0_77'
Driver info: org.openqa.selenium.chrome.ChromeDriver
Capabilities [{applicationCacheEnabled=false, rotatable=false, mobileEmulationEnabled=false, networkConnectionEnabled=false, chrome={chromedriverVersion=2.24.417431 (9aea000394714d2fbb20850021f6204f2256b9cf), userDataDir=C:\Users\subramanian_k04\AppData\Local\Temp\scoped_dir4472_7965}, takesHeapSnapshot=true, pageLoadStrategy=normal, databaseEnabled=false, handlesAlerts=true, hasTouchScreen=false, version=56.0.2924.87, platform=XP, browserConnectionEnabled=false, nativeEvents=true, acceptSslCerts=true, locationContextEnabled=true, webStorageEnabled=true, browserName=chrome, takesScreenshot=true, javascriptEnabled=true, cssSelectorsEnabled=true}]
Session ID: a711dbb7aa0f3519bcc3403390e35a22]]>
            </message>
            <full-stacktrace>
              <![CDATA[org.openqa.selenium.WebDriverException: chrome not reachable
  (Session info: chrome=56.0.2924.87)
  (Driver info: chromedriver=2.24.417431 (9aea000394714d2fbb20850021f6204f2256b9cf),platform=Windows NT 6.1.7601 SP1 x86_64) (WARNING: The server did not provide any stacktrace information)
Command duration or timeout: 380 milliseconds
Build info: version: '2.47.0', revision: '0e4837e94b1fad0db93e88cd972ed3e235a22892', time: '2015-07-29 15:58:41'
System info: host: 'TVMATP407267D', ip: '10.24.98.8', os.name: 'Windows 7', os.arch: 'amd64', os.version: '6.1', java.version: '1.8.0_77'
Driver info: org.openqa.selenium.chrome.ChromeDriver
Capabilities [{applicationCacheEnabled=false, rotatable=false, mobileEmulationEnabled=false, networkConnectionEnabled=false, chrome={chromedriverVersion=2.24.417431 (9aea000394714d2fbb20850021f6204f2256b9cf), userDataDir=C:\Users\subramanian_k04\AppData\Local\Temp\scoped_dir4472_7965}, takesHeapSnapshot=true, pageLoadStrategy=normal, databaseEnabled=false, handlesAlerts=true, hasTouchScreen=false, version=56.0.2924.87, platform=XP, browserConnectionEnabled=false, nativeEvents=true, acceptSslCerts=true, locationContextEnabled=true, webStorageEnabled=true, browserName=chrome, takesScreenshot=true, javascriptEnabled=true, cssSelectorsEnabled=true}]
Session ID: a711dbb7aa0f3519bcc3403390e35a22
	at sun.reflect.NativeConstructorAccessorImpl.newInstance0(Native Method)
	at sun.reflect.NativeConstructorAccessorImpl.newInstance(Unknown Source)
	at sun.reflect.DelegatingConstructorAccessorImpl.newInstance(Unknown Source)
	at java.lang.reflect.Constructor.newInstance(Unknown Source)
	at org.openqa.selenium.remote.ErrorHandler.createThrowable(ErrorHandler.java:206)
	at org.openqa.selenium.remote.ErrorHandler.throwIfResponseFailed(ErrorHandler.java:158)
	at org.openqa.selenium.remote.RemoteWebDriver.execute(RemoteWebDriver.java:595)
	at org.openqa.selenium.remote.RemoteWebDriver.execute(RemoteWebDriver.java:618)
	at org.openqa.selenium.remote.RemoteWebDriver.close(RemoteWebDriver.java:459)
	at nz.co.westpac.test.RegressionTest.quit(RegressionTest.java:156)
	at sun.reflect.NativeMethodAccessorImpl.invoke0(Native Method)
	at sun.reflect.NativeMethodAccessorImpl.invoke(Unknown Source)
	at sun.reflect.DelegatingMethodAccessorImpl.invoke(Unknown Source)
	at java.lang.reflect.Method.invoke(Unknown Source)
	at org.testng.internal.MethodInvocationHelper.invokeMethod(MethodInvocationHelper.java:100)
	at org.testng.internal.Invoker.invokeConfigurationMethod(Invoker.java:515)
	at org.testng.internal.Invoker.invokeConfigurations(Invoker.java:216)
	at org.testng.internal.Invoker.invokeMethod(Invoker.java:712)
	at org.testng.internal.Invoker.invokeTestMethod(Invoker.java:811)
	at org.testng.internal.Invoker.invokeTestMethods(Invoker.java:1137)
	at org.testng.internal.TestMethodWorker.invokeTestMethods(TestMethodWorker.java:129)
	at org.testng.internal.TestMethodWorker.run(TestMethodWorker.java:112)
	at org.testng.TestRunner.privateRun(TestRunner.java:753)
	at org.testng.TestRunner.run(TestRunner.java:607)
	at org.testng.SuiteRunner.runTest(SuiteRunner.java:368)
	at org.testng.SuiteRunner.runSequentially(SuiteRunner.java:363)
	at org.testng.SuiteRunner.privateRun(SuiteRunner.java:321)
	at org.testng.SuiteRunner.run(SuiteRunner.java:270)
	at org.testng.SuiteRunnerWorker.runSuite(SuiteRunnerWorker.java:52)
	at org.testng.SuiteRunnerWorker.run(SuiteRunnerWorker.java:86)
	at org.testng.TestNG.runSuitesSequentially(TestNG.java:1284)
	at org.testng.TestNG.runSuitesLocally(TestNG.java:1209)
	at org.testng.TestNG.runSuites(TestNG.java:1124)
	at org.testng.TestNG.run(TestNG.java:1096)
	at org.testng.remote.AbstractRemoteTestNG.run(AbstractRemoteTestNG.java:132)
	at org.testng.remote.RemoteTestNG.initAndRun(RemoteTestNG.java:236)
	at org.testng.remote.RemoteTestNG.main(RemoteTestNG.java:81)
]]>
            </full-stacktrace>
          </exception> <!-- org.openqa.selenium.WebDriverException -->
          <reporter-output>
          </reporter-output>
        </test-method> <!-- quit -->
        <test-method status="SKIP" signature="openBrowser()[pri:0, instance:nz.co.westpac.test.RegressionTest@5442a311]" name="openBrowser" is-config="true" duration-ms="0" started-at="2017-03-30T19:08:17Z" finished-at="2017-03-30T19:08:17Z">
          <reporter-output>
          </reporter-output>
        </test-method> <!-- openBrowser -->
        <test-method status="SKIP" signature="tc03_Verify_if_tax_projections_are_displayed__For_Self_Employed()[pri:0, instance:nz.co.westpac.test.RegressionTest@5442a311]" name="tc03_Verify_if_tax_projections_are_displayed__For_Self_Employed" duration-ms="11" started-at="2017-03-30T19:08:17Z" description="verify if a self employed user is able to calculate what their KiwiSaver projected balance would be at retirement" finished-at="2017-03-30T19:08:17Z">
          <reporter-output>
          </reporter-output>
        </test-method> <!-- tc03_Verify_if_tax_projections_are_displayed__For_Self_Employed -->
        <test-method status="SKIP" signature="quit()[pri:0, instance:nz.co.westpac.test.RegressionTest@5442a311]" name="quit" is-config="true" duration-ms="0" started-at="2017-03-30T19:08:17Z" finished-at="2017-03-30T19:08:17Z">
          <reporter-output>
          </reporter-output>
        </test-method> <!-- quit -->
        <test-method status="SKIP" signature="openBrowser()[pri:0, instance:nz.co.westpac.test.RegressionTest@5442a311]" name="openBrowser" is-config="true" duration-ms="0" started-at="2017-03-30T19:08:17Z" finished-at="2017-03-30T19:08:17Z">
          <reporter-output>
          </reporter-output>
        </test-method> <!-- openBrowser -->
        <test-method status="SKIP" signature="tc04_Verify_if_tax_projections_are_displayed__For_UnEmployed()[pri:0, instance:nz.co.westpac.test.RegressionTest@5442a311]" name="tc04_Verify_if_tax_projections_are_displayed__For_UnEmployed" duration-ms="6" started-at="2017-03-30T19:08:17Z" description="verify if a unemployed user is able to calculate what their KiwiSaver projected balance would be at retirement" finished-at="2017-03-30T19:08:17Z">
          <reporter-output>
          </reporter-output>
        </test-method> <!-- tc04_Verify_if_tax_projections_are_displayed__For_UnEmployed -->
        <test-method status="SKIP" signature="quit()[pri:0, instance:nz.co.westpac.test.RegressionTest@5442a311]" name="quit" is-config="true" duration-ms="0" started-at="2017-03-30T19:08:17Z" finished-at="2017-03-30T19:08:17Z">
          <reporter-output>
          </reporter-output>
        </test-method> <!-- quit -->
      </class> <!-- nz.co.westpac.test.RegressionTest -->
    </test> <!-- Default test -->
  </suite> <!-- Default suite -->
</testng-results>
